0 info it worked if it ends with ok
1 verbose cli [ '/Users/christian.johannesse/.nave/installed/0.8.22/bin/node',
1 verbose cli   '/Users/christian.johannesse/.nave/installed/0.8.22/bin/npm',
1 verbose cli   'install',
1 verbose cli   '3PJS' ]
2 info using npm@1.4.3
3 info using node@v0.10.26
4 verbose cache add [ '3PJS', null ]
5 verbose cache add name=undefined spec="3PJS" args=["3PJS",null]
6 verbose parsed url { protocol: null,
6 verbose parsed url   slashes: null,
6 verbose parsed url   auth: null,
6 verbose parsed url   host: null,
6 verbose parsed url   port: null,
6 verbose parsed url   hostname: null,
6 verbose parsed url   hash: null,
6 verbose parsed url   search: null,
6 verbose parsed url   query: null,
6 verbose parsed url   pathname: '3PJS',
6 verbose parsed url   path: '3PJS',
6 verbose parsed url   href: '3PJS' }
7 silly lockFile 09b90d81-3PJS 3PJS
8 verbose lock 3PJS /Users/christian.johannesse/.npm/09b90d81-3PJS.lock
9 silly lockFile 09b90d81-3PJS 3PJS
10 silly lockFile 09b90d81-3PJS 3PJS
11 verbose addNamed [ '3PJS', '' ]
12 verbose addNamed [ null, '*' ]
13 silly lockFile f703de74-3PJS 3PJS@
14 verbose lock 3PJS@ /Users/christian.johannesse/.npm/f703de74-3PJS.lock
15 silly addNameRange { name: '3PJS', range: '*', hasData: false }
16 verbose url raw 3PJS
17 verbose url resolving [ 'https://registry.npmjs.org/', './3PJS' ]
18 verbose url resolved https://registry.npmjs.org/3PJS
19 info trying registry request attempt 1 at 16:26:33
20 http GET https://registry.npmjs.org/3PJS
21 http 404 https://registry.npmjs.org/3PJS
22 silly registry.get cb [ 404,
22 silly registry.get   { date: 'Sun, 28 Dec 2014 22:26:33 GMT',
22 silly registry.get     server: 'CouchDB/1.5.0 (Erlang OTP/R14B04)',
22 silly registry.get     'content-type': 'application/json',
22 silly registry.get     'cache-control': 'max-age=0',
22 silly registry.get     'content-length': '52',
22 silly registry.get     'accept-ranges': 'bytes',
22 silly registry.get     via: '1.1 varnish',
22 silly registry.get     age: '0',
22 silly registry.get     'x-served-by': 'cache-dfw1828-DFW',
22 silly registry.get     'x-cache': 'MISS',
22 silly registry.get     'x-cache-hits': '0',
22 silly registry.get     'x-timer': 'S1419805592.895607,VS0,VE202',
22 silly registry.get     'keep-alive': 'timeout=10, max=50',
22 silly registry.get     connection: 'Keep-Alive' } ]
23 silly lockFile f703de74-3PJS 3PJS@
24 silly lockFile f703de74-3PJS 3PJS@
25 error 404 '3PJS' is not in the npm registry.
25 error 404 You should bug the author to publish it
25 error 404
25 error 404 Note that you can also install from a
25 error 404 tarball, folder, or http url, or git url.
26 error System Darwin 14.0.0
27 error command "/Users/christian.johannesse/.nave/installed/0.8.22/bin/node" "/Users/christian.johannesse/.nave/installed/0.8.22/bin/npm" "install" "3PJS"
28 error cwd /Users/christian.johannesse/Projects/3PJS
29 error node -v v0.10.26
30 error npm -v 1.4.3
31 error code E404
32 verbose exit [ 1, true ]
